<?xml version="1.0" encoding="UTF-8"?>
<testsuite name="ru.stqa.pft.addressbook.tests.NameModificationtest" tests="1" skipped="0" failures="0" errors="0" timestamp="2020-03-22T14:59:54" hostname="users-MacBook-Pro.local" time="33.235">
  <properties/>
  <testcase name="testNameModification" classname="ru.stqa.pft.addressbook.tests.NameModificationtest" time="33.235"/>
  <system-out><![CDATA[]]></system-out>
  <system-err><![CDATA[]]></system-err>
</testsuite>
