<?xml version="1.0" encoding="UTF-8"?>
<testsuite name="ru.stqa.pft.addressbook.tests.NameModificationtest" tests="1" skipped="0" failures="0" errors="0" timestamp="2020-03-04T03:26:39" hostname="users-MBP.attlocal.net" time="0.999">
  <properties/>
  <testcase name="testNameModification" classname="ru.stqa.pft.addressbook.tests.NameModificationtest" time="0.999"/>
  <system-out><![CDATA[]]></system-out>
  <system-err><![CDATA[[Test worker] INFO io.github.bonigarcia.wdm.WebDriverManager - Exporting webdriver.chrome.driver as /Users/user/.m2/repository/webdriver/chromedriver/mac64/80.0.3987.106/chromedriver
Starting ChromeDriver 80.0.3987.106 (f68069574609230cf9b635cd784cfb1bf81bb53a-refs/branch-heads/3987@{#882}) on port 10838
Only local connections are allowed.
Please protect ports used by ChromeDriver and related test frameworks to prevent access by malicious code.
Mar 03, 2020 7:26:38 PM org.openqa.selenium.remote.ProtocolHandshake createSession
INFO: Detected dialect: W3C
[1583292399.427][SEVERE]: Timed out receiving message from renderer: 0.100
]]></system-err>
</testsuite>
