<?xml version="1.0" encoding="UTF-8"?>
<testsuite name="ru.stqa.pft.addressbook.tests.NameModificationtest" tests="1" skipped="0" failures="0" errors="0" timestamp="2020-03-11T05:46:55" hostname="users-MBP.attlocal.net" time="32.23">
  <properties/>
  <testcase name="testNameModification" classname="ru.stqa.pft.addressbook.tests.NameModificationtest" time="32.23"/>
  <system-out><![CDATA[]]></system-out>
  <system-err><![CDATA[]]></system-err>
</testsuite>
