<?xml version="1.0" encoding="UTF-8"?>
<testsuite name="ru.stqa.pft.addressbook.tests.NameDeletionTest" tests="1" skipped="0" failures="0" errors="0" timestamp="2020-02-18T21:40:57" hostname="users-MBP.attlocal.net" time="0.542">
  <properties/>
  <testcase name="testNameDeletion" classname="ru.stqa.pft.addressbook.tests.NameDeletionTest" time="0.542"/>
  <system-out><![CDATA[]]></system-out>
  <system-err><![CDATA[Starting ChromeDriver 80.0.3987.106 (f68069574609230cf9b635cd784cfb1bf81bb53a-refs/branch-heads/3987@{#882}) on port 5655
Only local connections are allowed.
Please protect ports used by ChromeDriver and related test frameworks to prevent access by malicious code.
Feb 18, 2020 1:40:56 PM org.openqa.selenium.remote.ProtocolHandshake createSession
INFO: Detected dialect: W3C
[1582062057.575][SEVERE]: Timed out receiving message from renderer: 0.100
]]></system-err>
</testsuite>
