<?xml version="1.0" encoding="UTF-8"?>
<testsuite name="ru.stqa.pft.addressbook.tests.NameCreationTest" tests="1" skipped="0" failures="0" errors="0" timestamp="2020-03-19T13:07:30" hostname="users-MacBook-Pro.local" time="4.084">
  <properties/>
  <testcase name="testNameCreation" classname="ru.stqa.pft.addressbook.tests.NameCreationTest" time="4.084"/>
  <system-out><![CDATA[]]></system-out>
  <system-err><![CDATA[]]></system-err>
</testsuite>
