<?xml version="1.0" encoding="UTF-8"?>
<testsuite name="ru.stqa.pft.addressbook.tests.NameDeletionTest" tests="1" skipped="0" failures="0" errors="0" timestamp="2020-03-22T14:59:49" hostname="users-MacBook-Pro.local" time="5.038">
  <properties/>
  <testcase name="testNameDeletion" classname="ru.stqa.pft.addressbook.tests.NameDeletionTest" time="5.038"/>
  <system-out><![CDATA[]]></system-out>
  <system-err><![CDATA[]]></system-err>
</testsuite>
