<?xml version="1.0" encoding="UTF-8"?>
<testsuite name="ru.stqa.pft.addressbook.tests.NameDeletionTest" tests="1" skipped="0" failures="0" errors="0" timestamp="2020-03-11T05:46:51" hostname="users-MBP.attlocal.net" time="4.511">
  <properties/>
  <testcase name="testNameDeletion" classname="ru.stqa.pft.addressbook.tests.NameDeletionTest" time="4.511"/>
  <system-out><![CDATA[]]></system-out>
  <system-err><![CDATA[]]></system-err>
</testsuite>
