<?xml version="1.0" encoding="UTF-8"?>
<testsuite name="ru.stqa.pft.addressbook.tests.NameAdressesTest" tests="1" skipped="0" failures="0" errors="0" timestamp="2020-03-22T14:59:42" hostname="users-MacBook-Pro.local" time="1.957">
  <properties/>
  <testcase name="testNameAdresses" classname="ru.stqa.pft.addressbook.tests.NameAdressesTest" time="1.957"/>
  <system-out><![CDATA[]]></system-out>
  <system-err><![CDATA[]]></system-err>
</testsuite>
