<?xml version="1.0" encoding="UTF-8"?>
<testsuite name="ru.stqa.pft.addressbook.tests.NameModificationtest" tests="1" skipped="0" failures="0" errors="0" timestamp="2020-03-19T10:15:51" hostname="users-MacBook-Pro.local" time="32.725">
  <properties/>
  <testcase name="testNameModification" classname="ru.stqa.pft.addressbook.tests.NameModificationtest" time="32.725"/>
  <system-out><![CDATA[]]></system-out>
  <system-err><![CDATA[]]></system-err>
</testsuite>
